make all --print-data-base --no-builtin-variables --no-builtin-rules --question
# GNU Make 3.81
# Copyright (C) 2006  Free Software Foundation, Inc.
# This is free software; see the source for copying conditions.
# There is NO warranty; not even for MERCHANTABILITY or FITNESS FOR A
# PARTICULAR PURPOSE.

# This program built for i386-apple-darwin11.3.0
 

# Make data base, printed on Wed Jun 29 18:12:01 2022

# Variables

# automatic
<D = $(patsubst %/,%,$(dir $<))
# automatic
?F = $(notdir $?)
# makefile (from `Makefile', line 22)
OBJ = $(addprefix obj/,$(notdir $(SRC:.c=.o)))
# makefile (from `Makefile', line 20)
SRC = main.c parse.c
# environment
VSCODE_LOG_NATIVE = false
# automatic
?D = $(patsubst %/,%,$(dir $?))
# automatic
@D = $(patsubst %/,%,$(dir $@))
# automatic
@F = $(notdir $@)
# makefile
CURDIR := /Users/hoomen/projects/fractol
# makefile
SHELL = /bin/sh
# environment
VSCODE_NLS_CONFIG = {"locale":"en-us","availableLanguages":{},"_languagePackSupport":true}
# environment
_ = /usr/bin/make
# makefile (from `Makefile', line 1)
MAKEFILE_LIST :=  Makefile
# environment
VSCODE_VERBOSE_LOGGING = true
# environment
VSCODE_IPC_HOOK_EXTHOST = /var/folders/zz/zyxvpxvq6csfxvn_n000ccdm00333d/T/vscode-ipc-acefb5fd-7741-4856-8a0d-66c160c41389.sock
# environment
VSCODE_CWD = /
# environment
PATH = /Users/hoomen/goinfre/.brew/bin:/Users/hoomen/goinfre/.brew/bin:/Users/hoomen/.brew/bin:/Users/hoomen/goinfre/.brew/bin:/Users/hoomen/.brew/bin:/Users/hoomen/.brew/bin:/Users/hoomen/goinfre/.brew/bin:/Users/hoomen/goinfre/.brew/bin:/usr/local/bin:/usr/bin:/bin:/usr/sbin:/sbin:/usr/local/munki:/Library/Apple/usr/bin
# makefile (from `Makefile', line 13)
VPATH = src
# environment
LaunchInstanceID = 8FF0CFCA-D58F-474E-B4D4-A8509D885240
# environment
VSCODE_LOG_STACK = false
# environment
ELECTRON_RUN_AS_NODE = 1
# default
.FEATURES := target-specific order-only second-expansion else-if archives jobserver check-symlink
# environment
SSH_AUTH_SOCK = /private/tmp/com.apple.launchd.cMrtAjrlQG/Listeners
# automatic
%F = $(notdir $%)
# environment
VSCODE_PIPE_LOGGING = true
# environment
PWD = /Users/hoomen/projects/fractol
# environment
ORIGINAL_XDG_CURRENT_DESKTOP = undefined
# environment
VSCODE_AMD_ENTRYPOINT = vs/workbench/api/node/extensionHostProcess
# environment
HOME = /Users/hoomen
# default
MAKEFILEPATH := /Applications/Xcode.app/Contents/Developer/Makefiles
# environment
VSCODE_CODE_CACHE_PATH = /Users/hoomen/Library/Application Support/Code/CachedData/c3511e6c69bb39013c4a4b7b9566ec1ca73fc4d5
# environment
LOGNAME = hoomen
# environment
APPLICATION_INSIGHTS_NO_DIAGNOSTIC_CHANNEL = 1
# environment
VSCODE_HANDLES_UNCAUGHT_ERRORS = true
# automatic
^D = $(patsubst %/,%,$(dir $^))
# environment
XPC_FLAGS = 0x0
# default
MAKE = $(MAKE_COMMAND)
# default
MAKECMDGOALS := all
# environment
SHLVL = 1
# makefile (from `Makefile', line 16)
CC = cc
# default
MAKE_VERSION := 3.81
# environment
USER = hoomen
# makefile
.DEFAULT_GOAL := fractol
# makefile (from `Makefile', line 18)
NAME = fractol
# automatic
%D = $(patsubst %/,%,$(dir $%))
# default
MAKE_COMMAND := /Applications/Xcode.app/Contents/Developer/usr/bin/make
# default
.VARIABLES := 
# environment
TMPDIR = /var/folders/zz/zyxvpxvq6csfxvn_n000ccdm00333d/T/
# automatic
*F = $(notdir $*)
# environment
VSCODE_IPC_HOOK = /Users/hoomen/Library/Application Support/Code/1.67.2-main.sock
# makefile (from `Makefile', line 14)
INCFLAGS = -I libft -I ftprintf -I mlx
# makefile
MAKEFLAGS = Rrqp
# environment
MFLAGS = -Rrqp
# automatic
*D = $(patsubst %/,%,$(dir $*))
# environment
XPC_SERVICE_NAME = com.apple.xpc.launchd.oneshot.0x10000001.Electron
# automatic
+D = $(patsubst %/,%,$(dir $+))
# automatic
+F = $(notdir $+)
# environment
__CF_USER_TEXT_ENCODING = 0x18C6D:0x0:0x0
# environment
COMMAND_MODE = unix2003
# default
MAKEFILES := 
# automatic
<F = $(notdir $<)
# environment
LC_ALL = C
# makefile (from `Makefile', line 19)
HEADER = fractol_def.h
# makefile (from `Makefile', line 21)
LIBS = libft/libft.a ftprintf/libftprintf.a
# environment
SECURITYSESSIONID = 186a7
# automatic
^F = $(notdir $^)
# default
SUFFIXES := 
# makefile (from `Makefile', line 17)
FLAGS = -Wall -Werror -Wextra
# default
.INCLUDE_DIRS = /usr/local/include
# environment
MAKELEVEL := 0
# environment
LANG = C
# environment
VSCODE_PID = 2593
# variable set hash-table stats:
# Load=72/1024=7%, Rehash=0, Collisions=3/104=3%

# Pattern-specific Variable Values

# No pattern-specific variable values.

# Directories

# . (device 16777225, inode 1303485): 19 files, 1 impossibilities.
# src (device 16777225, inode 1304457): 10 files, no impossibilities.
# ftprintf (device 16777225, inode 1477987): No files, no impossibilities so far.
# libft (device 16777225, inode 1478006): No files, no impossibilities so far.

# 29 files, 1 impossibilities in 4 directories.

# Implicit Rules

obj/%.o: %.c libft/libft.a ftprintf/libftprintf.a fractol_def.h | obj
#  commands to execute (from `Makefile', line 28):
	$(CC) $(FLAGS) $(INCFLAGS) -c $< -o $@
	

# 1 implicit rules, 0 (0.0%) terminal.

# Files

fractol: obj/main.o obj/parse.o | libft/libft.a ftprintf/libftprintf.a
#  Implicit rule search has not been done.
#  Last modified 2022-06-29 17:58:37
#  File has been updated.
#  Successfully updated.
# variable set hash-table stats:
# Load=0/32=0%, Rehash=0, Collisions=0/0=0%
#  commands to execute (from `Makefile', line 25):
	$(CC) $(FLAGS) -o $@ $^ -Llibft -lft -Lftprintf -lftprintf -lm -Lmlx -lmlx -framework OpenGL -framework AppKit 
	

all: fractol
#  Phony target (prerequisite of .PHONY).
#  Command-line target.
#  Implicit rule search has not been done.
#  File does not exist.
#  File has been updated.
#  Successfully updated.
# variable set hash-table stats:
# Load=0/32=0%, Rehash=0, Collisions=0/0=0%

.PHONY: all clean fclean re
#  Implicit rule search has not been done.
#  Modification time never checked.
#  File has not been updated.

# Not a target:
obj/main.o:
#  Implicit rule search has been done.
#  Last modified 2022-06-29 17:58:37
#  File has been updated.
#  Successfully updated.
# variable set hash-table stats:
# Load=0/32=0%, Rehash=0, Collisions=0/0=0%

# Not a target:
.SUFFIXES:
#  Implicit rule search has not been done.
#  Modification time never checked.
#  File has not been updated.

# Not a target:
Makefile:
#  Implicit rule search has been done.
#  Last modified 2022-06-29 16:03:17
#  File has been updated.
#  Successfully updated.
# variable set hash-table stats:
# Load=0/32=0%, Rehash=0, Collisions=0/0=0%

libft/libft.a:
#  Implicit rule search has not been done.
#  Last modified 2022-06-29 17:58:36
#  File has been updated.
#  Successfully updated.
#  commands to execute (from `Makefile', line 34):
	-(cd libft && make)
	-(cd ftprintf && make && make clean)
	-(cd libft && make clean)
	

fclean: clean
#  Phony target (prerequisite of .PHONY).
#  Implicit rule search has not been done.
#  File does not exist.
#  File has not been updated.
#  commands to execute (from `Makefile', line 44):
	rm -f $(NAME)
	-(cd libft && make fclean)
	-(cd ftprintf && make fclean)
	

obj:
#  Implicit rule search has not been done.
#  Modification time never checked.
#  File has not been updated.
#  commands to execute (from `Makefile', line 31):
	mkdir obj
	

# Not a target:
.DEFAULT:
#  Implicit rule search has not been done.
#  Modification time never checked.
#  File has not been updated.

re: clean all
#  Phony target (prerequisite of .PHONY).
#  Implicit rule search has not been done.
#  File does not exist.
#  File has not been updated.

# Not a target:
obj/parse.o:
#  Implicit rule search has been done.
#  Last modified 2022-06-29 17:58:37
#  File has been updated.
#  Successfully updated.
# variable set hash-table stats:
# Load=0/32=0%, Rehash=0, Collisions=0/0=0%

clean:
#  Phony target (prerequisite of .PHONY).
#  Implicit rule search has not been done.
#  File does not exist.
#  File has not been updated.
#  commands to execute (from `Makefile', line 41):
	rm -rf obj
	

ftprintf/libftprintf.a:
#  Implicit rule search has not been done.
#  Last modified 2022-06-29 17:58:37
#  File has been updated.
#  Successfully updated.
#  commands to execute (from `Makefile', line 34):
	-(cd libft && make)
	-(cd ftprintf && make && make clean)
	-(cd libft && make clean)
	

# files hash-table stats:
# Load=14/1024=1%, Rehash=0, Collisions=0/60=0%
# VPATH Search Paths

# No `vpath' search paths.

# General (`VPATH' variable) search path:
# src

# # of strings in strcache: 1
# # of strcache buffers: 1
 
# strcache size: total = 4096 / max = 4096 / min = 4096 / avg = 4096
# strcache free: total = 4087 / max = 4087 / min = 4087 / avg = 4087

# Finished Make data base on Wed Jun 29 18:12:01 2022

 
